20:39:05.532 [main] INFO  org.eclipse.jetty.util.log - Logging initialized @23568ms to org.eclipse.jetty.util.log.Slf4jLog
20:39:05.964 [main] INFO  org.eclipse.jetty.server.Server - jetty-9.4.0.v20161208
20:39:06.084 [main] INFO  o.e.j.server.handler.ContextHandler - Started o.e.j.s.ServletContextHandler@32b03ec1{/,null,AVAILABLE}
20:39:06.152 [main] INFO  o.e.jetty.server.AbstractConnector - Started ServerConnector@314f929{HTTP/1.1,[http/1.1, h2c]}{0.0.0.0:8080}
20:39:06.153 [main] INFO  org.eclipse.jetty.server.Server - Started @24201ms
20:47:37.334 [main] INFO  org.eclipse.jetty.util.log - Logging initialized @15259ms to org.eclipse.jetty.util.log.Slf4jLog
20:47:37.571 [main] INFO  org.eclipse.jetty.server.Server - jetty-9.4.0.v20161208
20:47:37.613 [main] INFO  o.e.j.server.handler.ContextHandler - Started o.e.j.s.ServletContextHandler@c3bd1bb{/,null,AVAILABLE}
20:47:37.667 [main] INFO  o.e.jetty.server.AbstractConnector - Started ServerConnector@60a0f09f{HTTP/1.1,[http/1.1, h2c]}{0.0.0.0:1236}
20:47:37.668 [main] INFO  org.eclipse.jetty.server.Server - Started @15595ms
20:48:22.238 [qtp1418021058-19] INFO  io.pedestal.http - {:msg "GET /login", :line 80}
20:48:22.483 [qtp1418021058-18] INFO  io.pedestal.http - {:msg "GET /css/bootstrap.min.css", :line 80}
20:48:24.199 [qtp1418021058-13] INFO  io.pedestal.http - {:msg "GET /favicon.ico", :line 80}
20:48:30.271 [qtp1418021058-20] INFO  io.pedestal.http - {:msg "POST /auth", :line 80}
20:49:03.951 [qtp1418021058-18] INFO  io.pedestal.http - {:msg "GET /login", :line 80}
20:49:11.572 [qtp1418021058-20] INFO  io.pedestal.http - {:msg "POST /auth", :line 80}
20:51:09.330 [qtp1418021058-18] INFO  io.pedestal.http - {:msg "GET /resolve-user", :line 80}
20:56:44.340 [main] INFO  org.eclipse.jetty.util.log - Logging initialized @18114ms to org.eclipse.jetty.util.log.Slf4jLog
20:56:44.693 [main] INFO  org.eclipse.jetty.server.Server - jetty-9.4.0.v20161208
20:56:44.762 [main] INFO  o.e.j.server.handler.ContextHandler - Started o.e.j.s.ServletContextHandler@79adc343{/,null,AVAILABLE}
20:56:44.824 [main] INFO  o.e.jetty.server.AbstractConnector - Started ServerConnector@4945520{HTTP/1.1,[http/1.1, h2c]}{0.0.0.0:1236}
20:56:44.825 [main] INFO  org.eclipse.jetty.server.Server - Started @18645ms
20:57:52.507 [qtp987300143-19] INFO  io.pedestal.http - {:msg "GET /login", :line 80}
20:58:00.381 [qtp987300143-18] INFO  io.pedestal.http - {:msg "POST /auth", :line 80}
20:59:53.553 [qtp987300143-20] INFO  io.pedestal.http - {:msg "GET /resolve-user", :line 80}
21:00:05.354 [qtp987300143-18] INFO  io.pedestal.http - {:msg "GET /resolve-user", :line 80}
21:01:17.472 [qtp987300143-20] INFO  io.pedestal.http - {:msg "GET /login", :line 80}
21:02:23.503 [qtp987300143-14] INFO  io.pedestal.http - {:msg "GET /resolve-user", :line 80}
21:04:37.304 [qtp987300143-20] INFO  io.pedestal.http - {:msg "GET /resolve-user", :line 80}
21:05:00.680 [qtp987300143-18] INFO  io.pedestal.http - {:msg "GET /resolve-user", :line 80}
21:05:01.795 [qtp987300143-19] INFO  io.pedestal.http - {:msg "GET /resolve-user", :line 80}
21:05:02.369 [qtp987300143-14] INFO  io.pedestal.http - {:msg "GET /resolve-user", :line 80}
21:05:18.970 [qtp987300143-18] INFO  io.pedestal.http - {:msg "GET /resolve-user", :line 80}
21:28:40.694 [qtp987300143-14] INFO  io.pedestal.http - {:msg "GET /login", :line 80}
21:28:49.417 [qtp987300143-20] INFO  io.pedestal.http - {:msg "POST /auth", :line 80}
21:45:57.906 [qtp987300143-13] INFO  io.pedestal.http - {:msg "GET /login", :line 80}
21:46:05.002 [qtp987300143-18] INFO  io.pedestal.http - {:msg "POST /auth", :line 80}
21:46:05.449 [qtp987300143-19] INFO  io.pedestal.http - {:msg "POST /auth", :line 80}
21:48:02.370 [qtp987300143-14] INFO  io.pedestal.http - {:msg "POST /success", :line 80}
21:48:32.521 [qtp987300143-18] INFO  io.pedestal.http - {:msg "GET /login", :line 80}
21:48:54.302 [qtp987300143-19] INFO  io.pedestal.http - {:msg "POST /auth", :line 80}
21:48:57.818 [qtp987300143-18] INFO  io.pedestal.http - {:msg "POST /success", :line 80}
21:49:08.186 [qtp987300143-19] INFO  io.pedestal.http - {:msg "GET /resolve-user", :line 80}
21:49:20.126 [qtp987300143-20] INFO  io.pedestal.http - {:msg "GET /resolve-user", :line 80}
21:49:30.747 [qtp987300143-13] INFO  io.pedestal.http - {:msg "GET /resolve-user", :line 80}
21:49:32.752 [qtp987300143-20] INFO  io.pedestal.http - {:msg "GET /resolve-user", :line 80}
21:50:01.793 [qtp987300143-20] INFO  io.pedestal.http - {:msg "GET /resolve-user", :line 80}
21:51:26.178 [qtp987300143-13] INFO  io.pedestal.http - {:msg "GET /resolve-user", :line 80}
21:57:18.690 [qtp987300143-14] INFO  io.pedestal.http - {:msg "GET /resolve-user", :line 80}
21:58:39.204 [main] INFO  org.eclipse.jetty.util.log - Logging initialized @14143ms to org.eclipse.jetty.util.log.Slf4jLog
21:58:39.410 [main] INFO  org.eclipse.jetty.server.Server - jetty-9.4.0.v20161208
21:58:39.442 [main] INFO  o.e.j.server.handler.ContextHandler - Started o.e.j.s.ServletContextHandler@568aea48{/,null,AVAILABLE}
21:58:39.492 [main] INFO  o.e.jetty.server.AbstractConnector - Started ServerConnector@577269f{HTTP/1.1,[http/1.1, h2c]}{0.0.0.0:1236}
21:58:39.492 [main] INFO  org.eclipse.jetty.server.Server - Started @14434ms
21:58:49.074 [qtp1461895497-19] INFO  io.pedestal.http - {:msg "GET /resolve-user", :line 80}
22:07:30.991 [main] INFO  org.eclipse.jetty.util.log - Logging initialized @13638ms to org.eclipse.jetty.util.log.Slf4jLog
22:07:31.186 [main] INFO  org.eclipse.jetty.server.Server - jetty-9.4.0.v20161208
22:07:31.215 [main] INFO  o.e.j.server.handler.ContextHandler - Started o.e.j.s.ServletContextHandler@c3bd1bb{/,null,AVAILABLE}
22:07:31.264 [main] INFO  o.e.jetty.server.AbstractConnector - Started ServerConnector@60a0f09f{HTTP/1.1,[http/1.1, h2c]}{0.0.0.0:1236}
22:07:31.264 [main] INFO  org.eclipse.jetty.server.Server - Started @13915ms
22:08:01.760 [qtp1418021058-19] INFO  io.pedestal.http - {:msg "GET /resolve-user", :line 80}
22:10:13.857 [main] INFO  org.eclipse.jetty.util.log - Logging initialized @13449ms to org.eclipse.jetty.util.log.Slf4jLog
22:10:14.044 [main] INFO  org.eclipse.jetty.server.Server - jetty-9.4.0.v20161208
22:10:14.086 [main] INFO  o.e.j.server.handler.ContextHandler - Started o.e.j.s.ServletContextHandler@2b497998{/,null,AVAILABLE}
22:10:14.137 [main] INFO  o.e.jetty.server.AbstractConnector - Started ServerConnector@63d765cd{HTTP/1.1,[http/1.1, h2c]}{0.0.0.0:1236}
22:10:14.138 [main] INFO  org.eclipse.jetty.server.Server - Started @13731ms
22:10:20.411 [qtp1155830313-19] INFO  io.pedestal.http - {:msg "GET /resolve-user", :line 80}
22:10:40.148 [qtp1155830313-13] INFO  io.pedestal.http - {:msg "POST /success", :line 80}
22:11:04.461 [qtp1155830313-18] INFO  io.pedestal.http - {:msg "GET /login", :line 80}
22:11:20.580 [qtp1155830313-20] INFO  io.pedestal.http - {:msg "POST /auth", :line 80}
22:11:22.089 [qtp1155830313-19] INFO  io.pedestal.http - {:msg "POST /success", :line 80}
22:11:31.121 [qtp1155830313-15] INFO  io.pedestal.http - {:msg "GET /login", :line 80}
22:11:59.412 [qtp1155830313-13] INFO  io.pedestal.http - {:msg "POST /auth", :line 80}
22:20:08.976 [main] INFO  org.eclipse.jetty.util.log - Logging initialized @13405ms to org.eclipse.jetty.util.log.Slf4jLog
22:20:09.158 [main] INFO  org.eclipse.jetty.server.Server - jetty-9.4.0.v20161208
22:20:09.186 [main] INFO  o.e.j.server.handler.ContextHandler - Started o.e.j.s.ServletContextHandler@c3bd1bb{/,null,AVAILABLE}
22:20:09.232 [main] INFO  o.e.jetty.server.AbstractConnector - Started ServerConnector@60a0f09f{HTTP/1.1,[http/1.1, h2c]}{0.0.0.0:1236}
22:20:09.233 [main] INFO  org.eclipse.jetty.server.Server - Started @13665ms
23:03:50.708 [main] INFO  org.eclipse.jetty.util.log - Logging initialized @69555ms to org.eclipse.jetty.util.log.Slf4jLog
23:05:58.315 [main] INFO  org.eclipse.jetty.util.log - Logging initialized @6489ms to org.eclipse.jetty.util.log.Slf4jLog
23:05:58.547 [main] INFO  org.eclipse.jetty.server.Server - jetty-9.4.z-SNAPSHOT
23:05:58.588 [main] INFO  o.e.j.server.handler.ContextHandler - Started o.e.j.s.ServletContextHandler@2df65a56{/,null,AVAILABLE}
23:05:58.635 [main] INFO  o.e.jetty.server.AbstractConnector - Started ServerConnector@2f9b21d6{HTTP/1.1,[http/1.1, h2c]}{0.0.0.0:1236}
23:05:58.635 [main] INFO  org.eclipse.jetty.server.Server - Started @6813ms
23:09:13.793 [main] INFO  org.eclipse.jetty.util.log - Logging initialized @50272ms to org.eclipse.jetty.util.log.Slf4jLog
23:13:46.685 [main] INFO  org.eclipse.jetty.util.log - Logging initialized @8753ms to org.eclipse.jetty.util.log.Slf4jLog
23:13:46.997 [main] INFO  org.eclipse.jetty.server.Server - jetty-9.4.z-SNAPSHOT
23:13:47.102 [main] INFO  o.e.j.server.handler.ContextHandler - Started o.e.j.s.ServletContextHandler@7c1503a3{/,null,AVAILABLE}
23:13:47.159 [main] INFO  o.e.jetty.server.AbstractConnector - Started ServerConnector@16a3cc88{HTTP/1.1,[http/1.1, h2c]}{0.0.0.0:1236}
23:13:47.163 [main] INFO  org.eclipse.jetty.server.Server - Started @9237ms
23:24:05.433 [main] INFO  org.eclipse.jetty.util.log - Logging initialized @40563ms to org.eclipse.jetty.util.log.Slf4jLog
